<?xml version="1.0" encoding="UTF-8"?>
<testsuite xmlns:xsi="http://www.w3.org/2001/XMLSchema-instance" xsi:noNamespaceSchemaLocation="https://maven.apache.org/surefire/maven-surefire-plugin/xsd/surefire-test-report-3.0.xsd" version="3.0" name="com.project.revshop.controller.UserControllerTest" time="25.489" tests="6" errors="1" skipped="0" failures="0">
  <properties>
[...]
</properties>
  <testcase name="testProcessRegistrationValidationError" classname="com.project.revshop.controller.UserControllerTest" time="0.404">
    <system-out><![CDATA[21:10:28.610 [main] INFO org.springframework.test.context.support.AnnotationConfigContextLoaderUtils -- Could not detect default configuration classes for test class [com.project.revshop.controller.UserControllerTest]: UserControllerTest does not declare any static, non-private, non-final, nested classes annotated with @Configuration.
21:10:28.965 [main] INFO org.springframework.boot.test.context.SpringBootTestContextBootstrapper -- Found @SpringBootConfiguration com.project.revshop.RevshopApplication for test class com.project.revshop.controller.UserControllerTest
21:10:29.546 [main] INFO org.springframework.boot.devtools.restart.RestartApplicationListener -- Restart disabled due to context in which it is running

  .   ____          _            __ _ _
 /\\ / ___'_ __ _ _(_)_ __  __ _ \ \ \ \
( ( )\___ | '_ | '_| | '_ \/ _` | \ \ \ \
 \\/  ___)| |_)| | | | | || (_| |  ) ) ) )
  '  |____| .__|_| |_|_| |_\__, | / / / /
 =========|_|==============|___/=/_/_/_/

 :: Spring Boot ::                (v3.3.4)

2024-10-24T21:10:30.398+05:30  WARN 1132 --- [revshop] [           main] ory$DuplicateJsonObjectContextCustomizer : 

Found multiple occurrences of org.json.JSONObject on the class path:

	jar:file:/C:/Users/Asif/.m2/repository/org/json/json/20180130/json-20180130.jar!/org/json/JSONObject.class
	jar:file:/C:/Users/Asif/.m2/repository/com/vaadin/external/google/android-json/0.0.20131108.vaadin1/android-json-0.0.20131108.vaadin1.jar!/org/json/JSONObject.class

You may wish to exclude one of them to ensure predictable runtime behavior

2024-10-24T21:10:30.481+05:30  INFO 1132 --- [revshop] [           main] c.p.r.controller.UserControllerTest      : Starting UserControllerTest using Java 21.0.4 with PID 1132 (started by Asif in D:\revshop\revshop)
2024-10-24T21:10:30.485+05:30  INFO 1132 --- [revshop] [           main] c.p.r.controller.UserControllerTest      : No active profile set, falling back to 1 default profile: "default"
2024-10-24T21:10:33.874+05:30  INFO 1132 --- [revshop] [           main] .s.d.r.c.RepositoryConfigurationDelegate : Bootstrapping Spring Data JPA repositories in DEFAULT mode.
2024-10-24T21:10:34.050+05:30  INFO 1132 --- [revshop] [           main] .s.d.r.c.RepositoryConfigurationDelegate : Finished Spring Data repository scanning in 158 ms. Found 11 JPA repository interfaces.
2024-10-24T21:10:36.378+05:30  INFO 1132 --- [revshop] [           main] o.hibernate.jpa.internal.util.LogHelper  : HHH000204: Processing PersistenceUnitInfo [name: default]
2024-10-24T21:10:36.576+05:30  INFO 1132 --- [revshop] [           main] org.hibernate.Version                    : HHH000412: Hibernate ORM core version 6.5.3.Final
2024-10-24T21:10:36.688+05:30  INFO 1132 --- [revshop] [           main] o.h.c.internal.RegionFactoryInitiator    : HHH000026: Second-level cache disabled
2024-10-24T21:10:37.647+05:30  INFO 1132 --- [revshop] [           main] o.s.o.j.p.SpringPersistenceUnitInfo      : No LoadTimeWeaver setup: ignoring JPA class transformer
2024-10-24T21:10:37.716+05:30  INFO 1132 --- [revshop] [           main] com.zaxxer.hikari.HikariDataSource       : HikariPool-1 - Starting...
2024-10-24T21:10:39.058+05:30  INFO 1132 --- [revshop] [           main] com.zaxxer.hikari.pool.HikariPool        : HikariPool-1 - Added connection com.mysql.cj.jdbc.ConnectionImpl@102ecb61
2024-10-24T21:10:39.065+05:30  INFO 1132 --- [revshop] [           main] com.zaxxer.hikari.HikariDataSource       : HikariPool-1 - Start completed.
2024-10-24T21:10:42.691+05:30  INFO 1132 --- [revshop] [           main] o.h.e.t.j.p.i.JtaPlatformInitiator       : HHH000489: No JTA platform available (set 'hibernate.transaction.jta.platform' to enable JTA platform integration)
Hibernate: 
    alter table orders 
       modify column billing_address TEXT not null
Hibernate: 
    alter table orders 
       modify column shipping_address TEXT not null
2024-10-24T21:10:43.534+05:30  INFO 1132 --- [revshop] [           main] j.LocalContainerEntityManagerFactoryBean : Initialized JPA EntityManagerFactory for persistence unit 'default'
2024-10-24T21:10:46.545+05:30  WARN 1132 --- [revshop] [           main] JpaBaseConfiguration$JpaWebConfiguration : spring.jpa.open-in-view is enabled by default. Therefore, database queries may be performed during view rendering. Explicitly configure spring.jpa.open-in-view to disable this warning
2024-10-24T21:10:46.679+05:30  INFO 1132 --- [revshop] [           main] o.s.b.a.w.s.WelcomePageHandlerMapping    : Adding welcome page template: index
2024-10-24T21:10:49.225+05:30  INFO 1132 --- [revshop] [           main] o.s.b.a.e.web.EndpointLinksResolver      : Exposing 1 endpoint beneath base path '/actuator'
2024-10-24T21:10:49.468+05:30  INFO 1132 --- [revshop] [           main] c.p.r.controller.UserControllerTest      : Started UserControllerTest in 19.968 seconds (process running for 23.359)
Mockito is currently self-attaching to enable the inline-mock-maker. This will no longer work in future releases of the JDK. Please add Mockito as an agent to your build what is described in Mockito's documentation: https://javadoc.io/doc/org.mockito/mockito-core/latest/org/mockito/Mockito.html#0.3
Mockito is currently self-attaching to enable the inline-mock-maker. This will no longer work in future releases of the JDK. Please add Mockito as an agent to your build what is described in Mockito's documentation: https://javadoc.io/doc/org.mockito/mockito-core/latest/org/mockito/Mockito.html#0.3
2024-10-24T21:10:52.684+05:30  INFO 1132 --- [revshop] [           main] o.s.mock.web.MockServletContext          : Initializing Spring TestDispatcherServlet ''
2024-10-24T21:10:52.685+05:30  INFO 1132 --- [revshop] [           main] o.s.t.web.servlet.TestDispatcherServlet  : Initializing Servlet ''
2024-10-24T21:10:52.696+05:30  INFO 1132 --- [revshop] [           main] o.s.t.web.servlet.TestDispatcherServlet  : Completed initialization in 2 ms
]]></system-out>
    <system-err><![CDATA[WARNING: A Java agent has been loaded dynamically (C:\Users\Asif\.m2\repository\net\bytebuddy\byte-buddy-agent\1.14.19\byte-buddy-agent-1.14.19.jar)
WARNING: If a serviceability tool is in use, please run with -XX:+EnableDynamicAgentLoading to hide this warning
WARNING: If a serviceability tool is not in use, please run with -Djdk.instrument.traceUsage for more information
WARNING: Dynamic loading of agents will be disallowed by default in a future release
]]></system-err>
  </testcase>
  <testcase name="testProcessRegistration_MissingSellerDetails" classname="com.project.revshop.controller.UserControllerTest" time="0.33">
    <system-out><![CDATA[2024-10-24T21:10:52.840+05:30  INFO 1132 --- [revshop] [           main] o.s.mock.web.MockServletContext          : Initializing Spring TestDispatcherServlet ''
2024-10-24T21:10:52.840+05:30  INFO 1132 --- [revshop] [           main] o.s.t.web.servlet.TestDispatcherServlet  : Initializing Servlet ''
2024-10-24T21:10:52.841+05:30  INFO 1132 --- [revshop] [           main] o.s.t.web.servlet.TestDispatcherServlet  : Completed initialization in 0 ms
]]></system-out>
  </testcase>
  <testcase name="testProcessRegistrationSuccess" classname="com.project.revshop.controller.UserControllerTest" time="0.098">
    <error message="Cannot invoke &quot;com.fasterxml.jackson.databind.ObjectMapper.writeValueAsString(Object)&quot; because &quot;this.objectMapper&quot; is null" type="java.lang.NullPointerException"><![CDATA[java.lang.NullPointerException: Cannot invoke "com.fasterxml.jackson.databind.ObjectMapper.writeValueAsString(Object)" because "this.objectMapper" is null
	at com.project.revshop.controller.UserControllerTest.testProcessRegistrationSuccess(UserControllerTest.java:54)
	at java.base/java.lang.reflect.Method.invoke(Method.java:580)
	at java.base/java.util.ArrayList.forEach(ArrayList.java:1596)
	at java.base/java.util.ArrayList.forEach(ArrayList.java:1596)
]]></error>
    <system-out><![CDATA[2024-10-24T21:10:53.164+05:30  INFO 1132 --- [revshop] [           main] o.s.mock.web.MockServletContext          : Initializing Spring TestDispatcherServlet ''
2024-10-24T21:10:53.166+05:30  INFO 1132 --- [revshop] [           main] o.s.t.web.servlet.TestDispatcherServlet  : Initializing Servlet ''
2024-10-24T21:10:53.167+05:30  INFO 1132 --- [revshop] [           main] o.s.t.web.servlet.TestDispatcherServlet  : Completed initialization in 0 ms
]]></system-out>
  </testcase>
  <testcase name="testShowRegistrationForm" classname="com.project.revshop.controller.UserControllerTest" time="0.062">
    <system-out><![CDATA[2024-10-24T21:10:53.303+05:30  INFO 1132 --- [revshop] [           main] o.s.mock.web.MockServletContext          : Initializing Spring TestDispatcherServlet ''
2024-10-24T21:10:53.303+05:30  INFO 1132 --- [revshop] [           main] o.s.t.web.servlet.TestDispatcherServlet  : Initializing Servlet ''
2024-10-24T21:10:53.304+05:30  INFO 1132 --- [revshop] [           main] o.s.t.web.servlet.TestDispatcherServlet  : Completed initialization in 1 ms
]]></system-out>
  </testcase>
  <testcase name="testProcessRegistration_Seller" classname="com.project.revshop.controller.UserControllerTest" time="0.07">
    <system-out><![CDATA[2024-10-24T21:10:53.359+05:30  INFO 1132 --- [revshop] [           main] o.s.mock.web.MockServletContext          : Initializing Spring TestDispatcherServlet ''
2024-10-24T21:10:53.359+05:30  INFO 1132 --- [revshop] [           main] o.s.t.web.servlet.TestDispatcherServlet  : Initializing Servlet ''
2024-10-24T21:10:53.359+05:30  INFO 1132 --- [revshop] [           main] o.s.t.web.servlet.TestDispatcherServlet  : Completed initialization in 0 ms
]]></system-out>
  </testcase>
  <testcase name="testProcessRegistration_NonSeller" classname="com.project.revshop.controller.UserControllerTest" time="0.052">
    <system-out><![CDATA[2024-10-24T21:10:53.443+05:30  INFO 1132 --- [revshop] [           main] o.s.mock.web.MockServletContext          : Initializing Spring TestDispatcherServlet ''
2024-10-24T21:10:53.444+05:30  INFO 1132 --- [revshop] [           main] o.s.t.web.servlet.TestDispatcherServlet  : Initializing Servlet ''
2024-10-24T21:10:53.445+05:30  INFO 1132 --- [revshop] [           main] o.s.t.web.servlet.TestDispatcherServlet  : Completed initialization in 1 ms
]]></system-out>
  </testcase>
</testsuite>